INFO-FLOW: Workspace /home/user1/FFT_HLS/FFT/solution1 opened at Thu Feb 18 14:53:45 IST 2021
Execute     config_clock -quiet -name default -period 10 -default=false 
INFO: [SYN 201-201] Setting up clock 'default' with a period of 10ns.
Execute     open_platform DefaultPlatform 
Execute     import_lib /tools/Xilinx/Vivado/2019.2/common/technology/xilinx/artix7/artix7 
Execute       source /tools/Xilinx/Vivado/2019.2/common/technology/xilinx/common/xilinx.lib 
Execute         source /tools/Xilinx/Vivado/2019.2/common/technology/xilinx/interface/xilinx_interface.lib 
Execute           source /tools/Xilinx/Vivado/2019.2/common/technology/xilinx/interface/plb46.lib 
Execute           source /tools/Xilinx/Vivado/2019.2/common/technology/xilinx/interface/fsl.lib 
Execute           source /tools/Xilinx/Vivado/2019.2/common/technology/xilinx/interface/axi4.lib 
Execute           source /tools/Xilinx/Vivado/2019.2/common/technology/xilinx/interface/maxi.lib 
Execute           source /tools/Xilinx/Vivado/2019.2/common/technology/xilinx/interface/saxilite.lib 
Execute         source /tools/Xilinx/Vivado/2019.2/common/technology/xilinx/common/dsp48.lib 
Execute         source /tools/Xilinx/Vivado/2019.2/common/technology/xilinx/ip/xfir.lib 
Execute         source /tools/Xilinx/Vivado/2019.2/common/technology/xilinx/ip/xfft.lib 
Execute         source /tools/Xilinx/Vivado/2019.2/common/technology/xilinx/ip/dds_compiler.lib 
Command       ap_source done; 0.18 sec.
Execute       source /tools/Xilinx/Vivado/2019.2/common/technology/xilinx/common/xilinx.hlp 
Execute         source /tools/Xilinx/Vivado/2019.2/common/technology/xilinx/common/target_info.tcl 
Execute         source /tools/Xilinx/Vivado/2019.2/common/technology/xilinx/interface/xilinx_interface.hlp 
Execute           source /tools/Xilinx/Vivado/2019.2/common/technology/xilinx/interface/maxi.hlp 
Execute           source /tools/Xilinx/Vivado/2019.2/common/technology/xilinx/interface/saxilite.hlp 
Execute         source /tools/Xilinx/Vivado/2019.2/common/technology/xilinx/common/dsp48.hlp 
Execute       source /tools/Xilinx/Vivado/2019.2/common/technology/xilinx/artix7/dsp48e1.hlp 
Execute       source /tools/Xilinx/Vivado/2019.2/common/technology/xilinx/common/xilinx.hlp 
Execute         source /tools/Xilinx/Vivado/2019.2/common/technology/xilinx/common/target_info.tcl 
Execute         source /tools/Xilinx/Vivado/2019.2/common/technology/xilinx/interface/xilinx_interface.hlp 
Execute           source /tools/Xilinx/Vivado/2019.2/common/technology/xilinx/interface/maxi.hlp 
Execute           source /tools/Xilinx/Vivado/2019.2/common/technology/xilinx/interface/saxilite.hlp 
Execute         source /tools/Xilinx/Vivado/2019.2/common/technology/xilinx/common/dsp48.hlp 
Command     import_lib done; 0.27 sec.
Execute     source /tools/Xilinx/Vivado/2019.2/common/technology/xilinx/artix7/artix7.gen 
Execute       source /tools/Xilinx/Vivado/2019.2/common/technology/xilinx/common/xilinx.gen 
Execute         source /tools/Xilinx/Vivado/2019.2/common/technology/xilinx/interface/plb46.gen 
Execute         source /tools/Xilinx/Vivado/2019.2/common/technology/xilinx/interface/fsl.gen 
Execute         source /tools/Xilinx/Vivado/2019.2/common/technology/xilinx/interface/axi4.gen 
Execute         source /tools/Xilinx/Vivado/2019.2/common/technology/xilinx/interface/nativeAXI4.gen 
Execute           source /tools/Xilinx/Vivado/2019.2/common/technology/xilinx/interface/saxilite.gen 
Execute           source /tools/Xilinx/Vivado/2019.2/common/technology/xilinx/interface/maxi.gen 
Execute         source /tools/Xilinx/Vivado/2019.2/common/technology/xilinx/scripts/xilinxcoregen.gen 
Execute         source /tools/Xilinx/Vivado/2019.2/common/technology/xilinx/interface/XilEDKCoreGen.gen 
Execute         source /tools/Xilinx/Vivado/2019.2/common/technology/xilinx/ip/dds_compiler.gen 
Execute         source /tools/Xilinx/Vivado/2019.2/common/technology/xilinx/ip/util.gen 
Execute         source /tools/Xilinx/Vivado/2019.2/common/technology/xilinx/ip/xfft.gen 
Execute         source /tools/Xilinx/Vivado/2019.2/common/technology/xilinx/ip/xfir.gen 
Execute         source /tools/Xilinx/Vivado/2019.2/common/technology/xilinx/common/dsp48.gen 
Command       ap_source done; 0.24 sec.
Command     ap_source done; 0.25 sec.
Execute     set_part xc7a35tcpg236-1 
Execute       ap_part_info -name xc7a35tcpg236-1 -data single -quiet 
Command       ap_part_info done; 2.57 sec.
Execute       ap_part_info -name xc7a35tcpg236-1 -data info 
Execute       add_library xilinx/artix7/artix7:xc7a35t:-cpg236:-1 
Execute         get_default_platform 
Execute         ap_part_info -data single -name xc7a35t-cpg236-1 
Execute         ap_part_info -name xc7a35t-cpg236-1 -data resources 
Execute         ap_part_info -name xc7a35t-cpg236-1 -data info 
Execute         ap_part_info -name xc7a35t-cpg236-1 -data info 
Execute         config_chip_info -quiet -resource {SLICE 8150} {LUT 20800} {FF 41600} {DSP48E 90} {BRAM 100} {URAM 0} 
Execute         ap_part_info -name xc7a35t-cpg236-1 -data info 
Execute         config_chip_info -quiet -speed slow 
Execute       add_library xilinx/artix7/artix7_fpv6 
Execute         get_default_platform 
Execute         open_platform DefaultPlatform 
Execute         import_lib /tools/Xilinx/Vivado/2019.2/common/technology/xilinx/artix7/artix7_fpv6 
Execute           source /tools/Xilinx/Vivado/2019.2/common/technology/xilinx/common/xilinx_fp.lib 
Execute           source /tools/Xilinx/Vivado/2019.2/common/technology/xilinx/common/xilinx_fp.hlp 
Execute             source /tools/Xilinx/Vivado/2019.2/common/technology/xilinx/common/xilinx.hlp 
Execute               source /tools/Xilinx/Vivado/2019.2/common/technology/xilinx/common/target_info.tcl 
Execute               source /tools/Xilinx/Vivado/2019.2/common/technology/xilinx/interface/xilinx_interface.hlp 
Execute                 source /tools/Xilinx/Vivado/2019.2/common/technology/xilinx/interface/maxi.hlp 
Execute                 source /tools/Xilinx/Vivado/2019.2/common/technology/xilinx/interface/saxilite.hlp 
Execute               source /tools/Xilinx/Vivado/2019.2/common/technology/xilinx/common/dsp48.hlp 
Execute         source /tools/Xilinx/Vivado/2019.2/common/technology/xilinx/artix7/artix7_fpv6.gen 
Execute           source /tools/Xilinx/Vivado/2019.2/common/technology/xilinx/common/xilinx_fp.gen 
INFO: [HLS 200-10] Setting target device to 'xc7a35t-cpg236-1'
Execute       ap_part_info -name xc7a35t-cpg236-1 -data info 
Execute       get_default_platform 
Command     set_part done; 2.78 sec.
Execute     ap_part_info -data single -name xc7a35tcpg236-1 
Execute     ap_part_info -name xc7a35tcpg236-1 -data resources 
Execute     ap_part_info -name xc7a35tcpg236-1 -data info 
Execute     ap_part_info -name xc7a35tcpg236-1 -data info 
Execute     config_chip_info -quiet -resource {SLICE 8150} {LUT 20800} {FF 41600} {DSP48E 90} {BRAM 100} {URAM 0} 
Execute     ap_part_info -name xc7a35tcpg236-1 -data info 
Execute     config_chip_info -quiet -speed slow 
Command   open_solution done; 3.42 sec.
Execute   csim_design -quiet 
INFO: [SIM 211-2] *************** CSIM start ***************
INFO: [SIM 211-4] CSIM will launch GCC as the compiler.
Execute     is_encrypted /home/user1/FFT_HLS/fft_test.cpp 
Execute     is_xip /home/user1/FFT_HLS/fft_test.cpp 
Execute     is_encrypted /home/user1/FFT_HLS/fft.cpp 
Execute     is_xip /home/user1/FFT_HLS/fft.cpp 
Execute     ap_part_info -name xc7a35tcpg236-1 -data info 
ERROR: [SIM 211-100] 'csim_design' failed: compilation error(s).
INFO: [SIM 211-3] *************** CSIM finish ***************
Command   csim_design done; error code: 2; 0.19 sec.
Command ap_source done; error code: 1; 3.62 sec.
Execute cleanup_all 
INFO-FLOW: Workspace /home/user1/FFT_HLS/FFT/solution1 opened at Thu Feb 18 15:37:48 IST 2021
Execute     config_clock -quiet -name default -period 10 -default=false 
INFO: [SYN 201-201] Setting up clock 'default' with a period of 10ns.
Execute     open_platform DefaultPlatform 
Execute     import_lib /tools/Xilinx/Vivado/2019.2/common/technology/xilinx/artix7/artix7 
Execute       source /tools/Xilinx/Vivado/2019.2/common/technology/xilinx/common/xilinx.lib 
Execute         source /tools/Xilinx/Vivado/2019.2/common/technology/xilinx/interface/xilinx_interface.lib 
Execute           source /tools/Xilinx/Vivado/2019.2/common/technology/xilinx/interface/plb46.lib 
Execute           source /tools/Xilinx/Vivado/2019.2/common/technology/xilinx/interface/fsl.lib 
Execute           source /tools/Xilinx/Vivado/2019.2/common/technology/xilinx/interface/axi4.lib 
Execute           source /tools/Xilinx/Vivado/2019.2/common/technology/xilinx/interface/maxi.lib 
Execute           source /tools/Xilinx/Vivado/2019.2/common/technology/xilinx/interface/saxilite.lib 
Execute         source /tools/Xilinx/Vivado/2019.2/common/technology/xilinx/common/dsp48.lib 
Execute         source /tools/Xilinx/Vivado/2019.2/common/technology/xilinx/ip/xfir.lib 
Execute         source /tools/Xilinx/Vivado/2019.2/common/technology/xilinx/ip/xfft.lib 
Execute         source /tools/Xilinx/Vivado/2019.2/common/technology/xilinx/ip/dds_compiler.lib 
Execute       source /tools/Xilinx/Vivado/2019.2/common/technology/xilinx/common/xilinx.hlp 
Execute         source /tools/Xilinx/Vivado/2019.2/common/technology/xilinx/common/target_info.tcl 
Execute         source /tools/Xilinx/Vivado/2019.2/common/technology/xilinx/interface/xilinx_interface.hlp 
Execute           source /tools/Xilinx/Vivado/2019.2/common/technology/xilinx/interface/maxi.hlp 
Execute           source /tools/Xilinx/Vivado/2019.2/common/technology/xilinx/interface/saxilite.hlp 
Execute         source /tools/Xilinx/Vivado/2019.2/common/technology/xilinx/common/dsp48.hlp 
Execute       source /tools/Xilinx/Vivado/2019.2/common/technology/xilinx/artix7/dsp48e1.hlp 
Execute       source /tools/Xilinx/Vivado/2019.2/common/technology/xilinx/common/xilinx.hlp 
Execute         source /tools/Xilinx/Vivado/2019.2/common/technology/xilinx/common/target_info.tcl 
Execute         source /tools/Xilinx/Vivado/2019.2/common/technology/xilinx/interface/xilinx_interface.hlp 
Execute           source /tools/Xilinx/Vivado/2019.2/common/technology/xilinx/interface/maxi.hlp 
Execute           source /tools/Xilinx/Vivado/2019.2/common/technology/xilinx/interface/saxilite.hlp 
Execute         source /tools/Xilinx/Vivado/2019.2/common/technology/xilinx/common/dsp48.hlp 
Execute     source /tools/Xilinx/Vivado/2019.2/common/technology/xilinx/artix7/artix7.gen 
Execute       source /tools/Xilinx/Vivado/2019.2/common/technology/xilinx/common/xilinx.gen 
Execute         source /tools/Xilinx/Vivado/2019.2/common/technology/xilinx/interface/plb46.gen 
Execute         source /tools/Xilinx/Vivado/2019.2/common/technology/xilinx/interface/fsl.gen 
Execute         source /tools/Xilinx/Vivado/2019.2/common/technology/xilinx/interface/axi4.gen 
Execute         source /tools/Xilinx/Vivado/2019.2/common/technology/xilinx/interface/nativeAXI4.gen 
Execute           source /tools/Xilinx/Vivado/2019.2/common/technology/xilinx/interface/saxilite.gen 
Execute           source /tools/Xilinx/Vivado/2019.2/common/technology/xilinx/interface/maxi.gen 
Execute         source /tools/Xilinx/Vivado/2019.2/common/technology/xilinx/scripts/xilinxcoregen.gen 
Execute         source /tools/Xilinx/Vivado/2019.2/common/technology/xilinx/interface/XilEDKCoreGen.gen 
Execute         source /tools/Xilinx/Vivado/2019.2/common/technology/xilinx/ip/dds_compiler.gen 
Execute         source /tools/Xilinx/Vivado/2019.2/common/technology/xilinx/ip/util.gen 
Execute         source /tools/Xilinx/Vivado/2019.2/common/technology/xilinx/ip/xfft.gen 
Execute         source /tools/Xilinx/Vivado/2019.2/common/technology/xilinx/ip/xfir.gen 
Execute         source /tools/Xilinx/Vivado/2019.2/common/technology/xilinx/common/dsp48.gen 
Command       ap_source done; 0.15 sec.
Command     ap_source done; 0.15 sec.
Execute     open_platform DefaultPlatform 
Execute     import_lib /tools/Xilinx/Vivado/2019.2/common/technology/xilinx/artix7/artix7_fpv6 
Execute       source /tools/Xilinx/Vivado/2019.2/common/technology/xilinx/common/xilinx_fp.lib 
Execute       source /tools/Xilinx/Vivado/2019.2/common/technology/xilinx/common/xilinx_fp.hlp 
Execute         source /tools/Xilinx/Vivado/2019.2/common/technology/xilinx/common/xilinx.hlp 
Execute           source /tools/Xilinx/Vivado/2019.2/common/technology/xilinx/common/target_info.tcl 
Execute           source /tools/Xilinx/Vivado/2019.2/common/technology/xilinx/interface/xilinx_interface.hlp 
Execute             source /tools/Xilinx/Vivado/2019.2/common/technology/xilinx/interface/maxi.hlp 
Execute             source /tools/Xilinx/Vivado/2019.2/common/technology/xilinx/interface/saxilite.hlp 
Execute           source /tools/Xilinx/Vivado/2019.2/common/technology/xilinx/common/dsp48.hlp 
Execute     source /tools/Xilinx/Vivado/2019.2/common/technology/xilinx/artix7/artix7_fpv6.gen 
Execute       source /tools/Xilinx/Vivado/2019.2/common/technology/xilinx/common/xilinx_fp.gen 
Execute     set_part xc7a35t-cpg236-1 
Execute       ap_part_info -name xc7a35t-cpg236-1 -data single -quiet 
Command       ap_part_info done; 0.91 sec.
Execute       ap_part_info -name xc7a35t-cpg236-1 -data info 
Execute       add_library xilinx/artix7/artix7:xc7a35t:-cpg236:-1 
Execute         get_default_platform 
Execute         ap_part_info -data single -name xc7a35t-cpg236-1 
Execute         ap_part_info -name xc7a35t-cpg236-1 -data resources 
Execute         ap_part_info -name xc7a35t-cpg236-1 -data info 
Execute         ap_part_info -name xc7a35t-cpg236-1 -data info 
Execute         config_chip_info -quiet -resource {SLICE 8150} {LUT 20800} {FF 41600} {DSP48E 90} {BRAM 100} {URAM 0} 
Execute         ap_part_info -name xc7a35t-cpg236-1 -data info 
Execute         config_chip_info -quiet -speed slow 
Execute       add_library xilinx/artix7/artix7_fpv6 
Execute         get_default_platform 
INFO: [HLS 200-10] Setting target device to 'xc7a35t-cpg236-1'
Execute       ap_part_info -name xc7a35t-cpg236-1 -data info 
Execute       get_default_platform 
Command     set_part done; 0.99 sec.
Execute     ap_part_info -data single -name xc7a35t-cpg236-1 
Execute     ap_part_info -name xc7a35t-cpg236-1 -data resources 
Execute     ap_part_info -name xc7a35t-cpg236-1 -data info 
Execute     ap_part_info -name xc7a35t-cpg236-1 -data info 
Execute     config_chip_info -quiet -resource {SLICE 8150} {LUT 20800} {FF 41600} {DSP48E 90} {BRAM 100} {URAM 0} 
Execute     ap_part_info -name xc7a35t-cpg236-1 -data info 
Execute     config_chip_info -quiet -speed slow 
Command   open_solution done; 1.21 sec.
Execute   csim_design -quiet 
INFO: [SIM 211-2] *************** CSIM start ***************
INFO: [SIM 211-4] CSIM will launch GCC as the compiler.
Execute     source csim/.lst_opt.tcl 
Execute     is_encrypted /home/user1/FFT_HLS/fft_test.cpp 
Execute     is_xip /home/user1/FFT_HLS/fft_test.cpp 
Execute     is_encrypted /home/user1/FFT_HLS/fft.cpp 
Execute     is_xip /home/user1/FFT_HLS/fft.cpp 
Execute     ap_part_info -name xc7a35t-cpg236-1 -data info 
ERROR: [SIM 211-100] 'csim_design' failed: compilation error(s).
INFO: [SIM 211-3] *************** CSIM finish ***************
Command   csim_design done; error code: 2; 
Command ap_source done; error code: 1; 1.26 sec.
Execute cleanup_all 
INFO-FLOW: Workspace /home/user1/FFT_HLS/FFT/solution1 opened at Thu Feb 18 15:41:38 IST 2021
Execute     config_clock -quiet -name default -period 10 -default=false 
INFO: [SYN 201-201] Setting up clock 'default' with a period of 10ns.
Execute     open_platform DefaultPlatform 
Execute     import_lib /tools/Xilinx/Vivado/2019.2/common/technology/xilinx/artix7/artix7 
Execute       source /tools/Xilinx/Vivado/2019.2/common/technology/xilinx/common/xilinx.lib 
Execute         source /tools/Xilinx/Vivado/2019.2/common/technology/xilinx/interface/xilinx_interface.lib 
Execute           source /tools/Xilinx/Vivado/2019.2/common/technology/xilinx/interface/plb46.lib 
Execute           source /tools/Xilinx/Vivado/2019.2/common/technology/xilinx/interface/fsl.lib 
Execute           source /tools/Xilinx/Vivado/2019.2/common/technology/xilinx/interface/axi4.lib 
Execute           source /tools/Xilinx/Vivado/2019.2/common/technology/xilinx/interface/maxi.lib 
Execute           source /tools/Xilinx/Vivado/2019.2/common/technology/xilinx/interface/saxilite.lib 
Execute         source /tools/Xilinx/Vivado/2019.2/common/technology/xilinx/common/dsp48.lib 
Execute         source /tools/Xilinx/Vivado/2019.2/common/technology/xilinx/ip/xfir.lib 
Execute         source /tools/Xilinx/Vivado/2019.2/common/technology/xilinx/ip/xfft.lib 
Execute         source /tools/Xilinx/Vivado/2019.2/common/technology/xilinx/ip/dds_compiler.lib 
Execute       source /tools/Xilinx/Vivado/2019.2/common/technology/xilinx/common/xilinx.hlp 
Execute         source /tools/Xilinx/Vivado/2019.2/common/technology/xilinx/common/target_info.tcl 
Execute         source /tools/Xilinx/Vivado/2019.2/common/technology/xilinx/interface/xilinx_interface.hlp 
Execute           source /tools/Xilinx/Vivado/2019.2/common/technology/xilinx/interface/maxi.hlp 
Execute           source /tools/Xilinx/Vivado/2019.2/common/technology/xilinx/interface/saxilite.hlp 
Execute         source /tools/Xilinx/Vivado/2019.2/common/technology/xilinx/common/dsp48.hlp 
Execute       source /tools/Xilinx/Vivado/2019.2/common/technology/xilinx/artix7/dsp48e1.hlp 
Execute       source /tools/Xilinx/Vivado/2019.2/common/technology/xilinx/common/xilinx.hlp 
Execute         source /tools/Xilinx/Vivado/2019.2/common/technology/xilinx/common/target_info.tcl 
Execute         source /tools/Xilinx/Vivado/2019.2/common/technology/xilinx/interface/xilinx_interface.hlp 
Execute           source /tools/Xilinx/Vivado/2019.2/common/technology/xilinx/interface/maxi.hlp 
Execute           source /tools/Xilinx/Vivado/2019.2/common/technology/xilinx/interface/saxilite.hlp 
Execute         source /tools/Xilinx/Vivado/2019.2/common/technology/xilinx/common/dsp48.hlp 
Execute     source /tools/Xilinx/Vivado/2019.2/common/technology/xilinx/artix7/artix7.gen 
Execute       source /tools/Xilinx/Vivado/2019.2/common/technology/xilinx/common/xilinx.gen 
Execute         source /tools/Xilinx/Vivado/2019.2/common/technology/xilinx/interface/plb46.gen 
Execute         source /tools/Xilinx/Vivado/2019.2/common/technology/xilinx/interface/fsl.gen 
Execute         source /tools/Xilinx/Vivado/2019.2/common/technology/xilinx/interface/axi4.gen 
Execute         source /tools/Xilinx/Vivado/2019.2/common/technology/xilinx/interface/nativeAXI4.gen 
Execute           source /tools/Xilinx/Vivado/2019.2/common/technology/xilinx/interface/saxilite.gen 
Execute           source /tools/Xilinx/Vivado/2019.2/common/technology/xilinx/interface/maxi.gen 
Execute         source /tools/Xilinx/Vivado/2019.2/common/technology/xilinx/scripts/xilinxcoregen.gen 
Execute         source /tools/Xilinx/Vivado/2019.2/common/technology/xilinx/interface/XilEDKCoreGen.gen 
Execute         source /tools/Xilinx/Vivado/2019.2/common/technology/xilinx/ip/dds_compiler.gen 
Execute         source /tools/Xilinx/Vivado/2019.2/common/technology/xilinx/ip/util.gen 
Execute         source /tools/Xilinx/Vivado/2019.2/common/technology/xilinx/ip/xfft.gen 
Execute         source /tools/Xilinx/Vivado/2019.2/common/technology/xilinx/ip/xfir.gen 
Execute         source /tools/Xilinx/Vivado/2019.2/common/technology/xilinx/common/dsp48.gen 
Execute     open_platform DefaultPlatform 
Execute     import_lib /tools/Xilinx/Vivado/2019.2/common/technology/xilinx/artix7/artix7_fpv6 
Execute       source /tools/Xilinx/Vivado/2019.2/common/technology/xilinx/common/xilinx_fp.lib 
Execute       source /tools/Xilinx/Vivado/2019.2/common/technology/xilinx/common/xilinx_fp.hlp 
Execute         source /tools/Xilinx/Vivado/2019.2/common/technology/xilinx/common/xilinx.hlp 
Execute           source /tools/Xilinx/Vivado/2019.2/common/technology/xilinx/common/target_info.tcl 
Execute           source /tools/Xilinx/Vivado/2019.2/common/technology/xilinx/interface/xilinx_interface.hlp 
Execute             source /tools/Xilinx/Vivado/2019.2/common/technology/xilinx/interface/maxi.hlp 
Execute             source /tools/Xilinx/Vivado/2019.2/common/technology/xilinx/interface/saxilite.hlp 
Execute           source /tools/Xilinx/Vivado/2019.2/common/technology/xilinx/common/dsp48.hlp 
Execute     source /tools/Xilinx/Vivado/2019.2/common/technology/xilinx/artix7/artix7_fpv6.gen 
Execute       source /tools/Xilinx/Vivado/2019.2/common/technology/xilinx/common/xilinx_fp.gen 
Execute     set_part xc7a35t-cpg236-1 
Execute       ap_part_info -name xc7a35t-cpg236-1 -data single -quiet 
Command       ap_part_info done; 0.88 sec.
Execute       ap_part_info -name xc7a35t-cpg236-1 -data info 
Execute       add_library xilinx/artix7/artix7:xc7a35t:-cpg236:-1 
Execute         get_default_platform 
Execute         ap_part_info -data single -name xc7a35t-cpg236-1 
Execute         ap_part_info -name xc7a35t-cpg236-1 -data resources 
Execute         ap_part_info -name xc7a35t-cpg236-1 -data info 
Execute         ap_part_info -name xc7a35t-cpg236-1 -data info 
Execute         config_chip_info -quiet -resource {SLICE 8150} {LUT 20800} {FF 41600} {DSP48E 90} {BRAM 100} {URAM 0} 
Execute         ap_part_info -name xc7a35t-cpg236-1 -data info 
Execute         config_chip_info -quiet -speed slow 
Execute       add_library xilinx/artix7/artix7_fpv6 
Execute         get_default_platform 
INFO: [HLS 200-10] Setting target device to 'xc7a35t-cpg236-1'
Execute       ap_part_info -name xc7a35t-cpg236-1 -data info 
Execute       get_default_platform 
Command     set_part done; 0.97 sec.
Execute     ap_part_info -data single -name xc7a35t-cpg236-1 
Execute     ap_part_info -name xc7a35t-cpg236-1 -data resources 
Execute     ap_part_info -name xc7a35t-cpg236-1 -data info 
Execute     ap_part_info -name xc7a35t-cpg236-1 -data info 
Execute     config_chip_info -quiet -resource {SLICE 8150} {LUT 20800} {FF 41600} {DSP48E 90} {BRAM 100} {URAM 0} 
Execute     ap_part_info -name xc7a35t-cpg236-1 -data info 
Execute     config_chip_info -quiet -speed slow 
Command   open_solution done; 1.09 sec.
Execute   csim_design -quiet 
INFO: [SIM 211-2] *************** CSIM start ***************
INFO: [SIM 211-4] CSIM will launch GCC as the compiler.
Execute     source csim/.lst_opt.tcl 
Execute     is_encrypted /home/user1/FFT_HLS/fft_test.cpp 
Execute     is_xip /home/user1/FFT_HLS/fft_test.cpp 
Execute     is_encrypted /home/user1/FFT_HLS/fft.cpp 
Execute     is_xip /home/user1/FFT_HLS/fft.cpp 
Execute     ap_part_info -name xc7a35t-cpg236-1 -data info 
ERROR: [SIM 211-100] 'csim_design' failed: compilation error(s).
INFO: [SIM 211-3] *************** CSIM finish ***************
Command   csim_design done; error code: 2; 0.14 sec.
Command ap_source done; error code: 1; 1.24 sec.
Execute cleanup_all 
INFO-FLOW: Workspace /home/user1/FFT_HLS/FFT/solution1 opened at Thu Feb 18 15:44:39 IST 2021
Execute     config_clock -quiet -name default -period 10 -default=false 
INFO: [SYN 201-201] Setting up clock 'default' with a period of 10ns.
Execute     open_platform DefaultPlatform 
Execute     import_lib /tools/Xilinx/Vivado/2019.2/common/technology/xilinx/artix7/artix7 
Execute       source /tools/Xilinx/Vivado/2019.2/common/technology/xilinx/common/xilinx.lib 
Execute         source /tools/Xilinx/Vivado/2019.2/common/technology/xilinx/interface/xilinx_interface.lib 
Execute           source /tools/Xilinx/Vivado/2019.2/common/technology/xilinx/interface/plb46.lib 
Execute           source /tools/Xilinx/Vivado/2019.2/common/technology/xilinx/interface/fsl.lib 
Execute           source /tools/Xilinx/Vivado/2019.2/common/technology/xilinx/interface/axi4.lib 
Execute           source /tools/Xilinx/Vivado/2019.2/common/technology/xilinx/interface/maxi.lib 
Execute           source /tools/Xilinx/Vivado/2019.2/common/technology/xilinx/interface/saxilite.lib 
Execute         source /tools/Xilinx/Vivado/2019.2/common/technology/xilinx/common/dsp48.lib 
Execute         source /tools/Xilinx/Vivado/2019.2/common/technology/xilinx/ip/xfir.lib 
Execute         source /tools/Xilinx/Vivado/2019.2/common/technology/xilinx/ip/xfft.lib 
Execute         source /tools/Xilinx/Vivado/2019.2/common/technology/xilinx/ip/dds_compiler.lib 
Execute       source /tools/Xilinx/Vivado/2019.2/common/technology/xilinx/common/xilinx.hlp 
Execute         source /tools/Xilinx/Vivado/2019.2/common/technology/xilinx/common/target_info.tcl 
Execute         source /tools/Xilinx/Vivado/2019.2/common/technology/xilinx/interface/xilinx_interface.hlp 
Execute           source /tools/Xilinx/Vivado/2019.2/common/technology/xilinx/interface/maxi.hlp 
Execute           source /tools/Xilinx/Vivado/2019.2/common/technology/xilinx/interface/saxilite.hlp 
Execute         source /tools/Xilinx/Vivado/2019.2/common/technology/xilinx/common/dsp48.hlp 
Execute       source /tools/Xilinx/Vivado/2019.2/common/technology/xilinx/artix7/dsp48e1.hlp 
Execute       source /tools/Xilinx/Vivado/2019.2/common/technology/xilinx/common/xilinx.hlp 
Execute         source /tools/Xilinx/Vivado/2019.2/common/technology/xilinx/common/target_info.tcl 
Execute         source /tools/Xilinx/Vivado/2019.2/common/technology/xilinx/interface/xilinx_interface.hlp 
Execute           source /tools/Xilinx/Vivado/2019.2/common/technology/xilinx/interface/maxi.hlp 
Execute           source /tools/Xilinx/Vivado/2019.2/common/technology/xilinx/interface/saxilite.hlp 
Execute         source /tools/Xilinx/Vivado/2019.2/common/technology/xilinx/common/dsp48.hlp 
Command     import_lib done; 0.17 sec.
Execute     source /tools/Xilinx/Vivado/2019.2/common/technology/xilinx/artix7/artix7.gen 
Execute       source /tools/Xilinx/Vivado/2019.2/common/technology/xilinx/common/xilinx.gen 
Execute         source /tools/Xilinx/Vivado/2019.2/common/technology/xilinx/interface/plb46.gen 
Execute         source /tools/Xilinx/Vivado/2019.2/common/technology/xilinx/interface/fsl.gen 
Execute         source /tools/Xilinx/Vivado/2019.2/common/technology/xilinx/interface/axi4.gen 
Execute         source /tools/Xilinx/Vivado/2019.2/common/technology/xilinx/interface/nativeAXI4.gen 
Execute           source /tools/Xilinx/Vivado/2019.2/common/technology/xilinx/interface/saxilite.gen 
Execute           source /tools/Xilinx/Vivado/2019.2/common/technology/xilinx/interface/maxi.gen 
Execute         source /tools/Xilinx/Vivado/2019.2/common/technology/xilinx/scripts/xilinxcoregen.gen 
Execute         source /tools/Xilinx/Vivado/2019.2/common/technology/xilinx/interface/XilEDKCoreGen.gen 
Execute         source /tools/Xilinx/Vivado/2019.2/common/technology/xilinx/ip/dds_compiler.gen 
Execute         source /tools/Xilinx/Vivado/2019.2/common/technology/xilinx/ip/util.gen 
Execute         source /tools/Xilinx/Vivado/2019.2/common/technology/xilinx/ip/xfft.gen 
Execute         source /tools/Xilinx/Vivado/2019.2/common/technology/xilinx/ip/xfir.gen 
Execute         source /tools/Xilinx/Vivado/2019.2/common/technology/xilinx/common/dsp48.gen 
Command       ap_source done; 0.21 sec.
Command     ap_source done; 0.22 sec.
Execute     open_platform DefaultPlatform 
Execute     import_lib /tools/Xilinx/Vivado/2019.2/common/technology/xilinx/artix7/artix7_fpv6 
Execute       source /tools/Xilinx/Vivado/2019.2/common/technology/xilinx/common/xilinx_fp.lib 
Execute       source /tools/Xilinx/Vivado/2019.2/common/technology/xilinx/common/xilinx_fp.hlp 
Execute         source /tools/Xilinx/Vivado/2019.2/common/technology/xilinx/common/xilinx.hlp 
Execute           source /tools/Xilinx/Vivado/2019.2/common/technology/xilinx/common/target_info.tcl 
Execute           source /tools/Xilinx/Vivado/2019.2/common/technology/xilinx/interface/xilinx_interface.hlp 
Execute             source /tools/Xilinx/Vivado/2019.2/common/technology/xilinx/interface/maxi.hlp 
Execute             source /tools/Xilinx/Vivado/2019.2/common/technology/xilinx/interface/saxilite.hlp 
Execute           source /tools/Xilinx/Vivado/2019.2/common/technology/xilinx/common/dsp48.hlp 
Execute     source /tools/Xilinx/Vivado/2019.2/common/technology/xilinx/artix7/artix7_fpv6.gen 
Execute       source /tools/Xilinx/Vivado/2019.2/common/technology/xilinx/common/xilinx_fp.gen 
Execute     set_part xc7a35t-cpg236-1 
Execute       ap_part_info -name xc7a35t-cpg236-1 -data single -quiet 
Command       ap_part_info done; 1.01 sec.
Execute       ap_part_info -name xc7a35t-cpg236-1 -data info 
Execute       add_library xilinx/artix7/artix7:xc7a35t:-cpg236:-1 
Execute         get_default_platform 
Execute         ap_part_info -data single -name xc7a35t-cpg236-1 
Execute         ap_part_info -name xc7a35t-cpg236-1 -data resources 
Execute         ap_part_info -name xc7a35t-cpg236-1 -data info 
Execute         ap_part_info -name xc7a35t-cpg236-1 -data info 
Execute         config_chip_info -quiet -resource {SLICE 8150} {LUT 20800} {FF 41600} {DSP48E 90} {BRAM 100} {URAM 0} 
Execute         ap_part_info -name xc7a35t-cpg236-1 -data info 
Execute         config_chip_info -quiet -speed slow 
Execute       add_library xilinx/artix7/artix7_fpv6 
Execute         get_default_platform 
INFO: [HLS 200-10] Setting target device to 'xc7a35t-cpg236-1'
Execute       ap_part_info -name xc7a35t-cpg236-1 -data info 
Execute       get_default_platform 
Command     set_part done; 1.09 sec.
Execute     ap_part_info -data single -name xc7a35t-cpg236-1 
Execute     ap_part_info -name xc7a35t-cpg236-1 -data resources 
Execute     ap_part_info -name xc7a35t-cpg236-1 -data info 
Execute     ap_part_info -name xc7a35t-cpg236-1 -data info 
Execute     config_chip_info -quiet -resource {SLICE 8150} {LUT 20800} {FF 41600} {DSP48E 90} {BRAM 100} {URAM 0} 
Execute     ap_part_info -name xc7a35t-cpg236-1 -data info 
Execute     config_chip_info -quiet -speed slow 
Command   open_solution done; 1.52 sec.
Execute   csim_design -setup -clean -use_gcc -quiet 
INFO: [SIM 211-2] *************** CSIM start ***************
INFO: [SIM 211-4] CSIM will launch GCC as the compiler.
Execute     source csim/.lst_opt.tcl 
Execute     is_encrypted /home/user1/FFT_HLS/fft_test.cpp 
Execute     is_xip /home/user1/FFT_HLS/fft_test.cpp 
Execute     is_encrypted /home/user1/FFT_HLS/fft.cpp 
Execute     is_xip /home/user1/FFT_HLS/fft.cpp 
Execute     ap_part_info -name xc7a35t-cpg236-1 -data info 
ERROR: [SIM 211-100] CSim file generation failed: compilation error(s).
INFO: [SIM 211-3] *************** CSIM finish ***************
Command   csim_design done; error code: 2; 
Command ap_source done; error code: 1; 1.56 sec.
Execute cleanup_all 
INFO-FLOW: Workspace /home/user1/FFT_HLS/FFT/solution1 opened at Thu Feb 18 15:48:14 IST 2021
Execute     config_clock -quiet -name default -period 10 -default=false 
INFO: [SYN 201-201] Setting up clock 'default' with a period of 10ns.
Execute     open_platform DefaultPlatform 
Execute     import_lib /tools/Xilinx/Vivado/2019.2/common/technology/xilinx/artix7/artix7 
Execute       source /tools/Xilinx/Vivado/2019.2/common/technology/xilinx/common/xilinx.lib 
Execute         source /tools/Xilinx/Vivado/2019.2/common/technology/xilinx/interface/xilinx_interface.lib 
Execute           source /tools/Xilinx/Vivado/2019.2/common/technology/xilinx/interface/plb46.lib 
Execute           source /tools/Xilinx/Vivado/2019.2/common/technology/xilinx/interface/fsl.lib 
Execute           source /tools/Xilinx/Vivado/2019.2/common/technology/xilinx/interface/axi4.lib 
Execute           source /tools/Xilinx/Vivado/2019.2/common/technology/xilinx/interface/maxi.lib 
Execute           source /tools/Xilinx/Vivado/2019.2/common/technology/xilinx/interface/saxilite.lib 
Execute         source /tools/Xilinx/Vivado/2019.2/common/technology/xilinx/common/dsp48.lib 
Execute         source /tools/Xilinx/Vivado/2019.2/common/technology/xilinx/ip/xfir.lib 
Execute         source /tools/Xilinx/Vivado/2019.2/common/technology/xilinx/ip/xfft.lib 
Execute         source /tools/Xilinx/Vivado/2019.2/common/technology/xilinx/ip/dds_compiler.lib 
Execute       source /tools/Xilinx/Vivado/2019.2/common/technology/xilinx/common/xilinx.hlp 
Execute         source /tools/Xilinx/Vivado/2019.2/common/technology/xilinx/common/target_info.tcl 
Execute         source /tools/Xilinx/Vivado/2019.2/common/technology/xilinx/interface/xilinx_interface.hlp 
Execute           source /tools/Xilinx/Vivado/2019.2/common/technology/xilinx/interface/maxi.hlp 
Execute           source /tools/Xilinx/Vivado/2019.2/common/technology/xilinx/interface/saxilite.hlp 
Execute         source /tools/Xilinx/Vivado/2019.2/common/technology/xilinx/common/dsp48.hlp 
Execute       source /tools/Xilinx/Vivado/2019.2/common/technology/xilinx/artix7/dsp48e1.hlp 
Execute       source /tools/Xilinx/Vivado/2019.2/common/technology/xilinx/common/xilinx.hlp 
Execute         source /tools/Xilinx/Vivado/2019.2/common/technology/xilinx/common/target_info.tcl 
Execute         source /tools/Xilinx/Vivado/2019.2/common/technology/xilinx/interface/xilinx_interface.hlp 
Execute           source /tools/Xilinx/Vivado/2019.2/common/technology/xilinx/interface/maxi.hlp 
Execute           source /tools/Xilinx/Vivado/2019.2/common/technology/xilinx/interface/saxilite.hlp 
Execute         source /tools/Xilinx/Vivado/2019.2/common/technology/xilinx/common/dsp48.hlp 
Execute     source /tools/Xilinx/Vivado/2019.2/common/technology/xilinx/artix7/artix7.gen 
Execute       source /tools/Xilinx/Vivado/2019.2/common/technology/xilinx/common/xilinx.gen 
Execute         source /tools/Xilinx/Vivado/2019.2/common/technology/xilinx/interface/plb46.gen 
Execute         source /tools/Xilinx/Vivado/2019.2/common/technology/xilinx/interface/fsl.gen 
Execute         source /tools/Xilinx/Vivado/2019.2/common/technology/xilinx/interface/axi4.gen 
Execute         source /tools/Xilinx/Vivado/2019.2/common/technology/xilinx/interface/nativeAXI4.gen 
Execute           source /tools/Xilinx/Vivado/2019.2/common/technology/xilinx/interface/saxilite.gen 
Execute           source /tools/Xilinx/Vivado/2019.2/common/technology/xilinx/interface/maxi.gen 
Execute         source /tools/Xilinx/Vivado/2019.2/common/technology/xilinx/scripts/xilinxcoregen.gen 
Execute         source /tools/Xilinx/Vivado/2019.2/common/technology/xilinx/interface/XilEDKCoreGen.gen 
Execute         source /tools/Xilinx/Vivado/2019.2/common/technology/xilinx/ip/dds_compiler.gen 
Execute         source /tools/Xilinx/Vivado/2019.2/common/technology/xilinx/ip/util.gen 
Execute         source /tools/Xilinx/Vivado/2019.2/common/technology/xilinx/ip/xfft.gen 
Execute         source /tools/Xilinx/Vivado/2019.2/common/technology/xilinx/ip/xfir.gen 
Execute         source /tools/Xilinx/Vivado/2019.2/common/technology/xilinx/common/dsp48.gen 
Execute     open_platform DefaultPlatform 
Execute     import_lib /tools/Xilinx/Vivado/2019.2/common/technology/xilinx/artix7/artix7_fpv6 
Execute       source /tools/Xilinx/Vivado/2019.2/common/technology/xilinx/common/xilinx_fp.lib 
Execute       source /tools/Xilinx/Vivado/2019.2/common/technology/xilinx/common/xilinx_fp.hlp 
Execute         source /tools/Xilinx/Vivado/2019.2/common/technology/xilinx/common/xilinx.hlp 
Execute           source /tools/Xilinx/Vivado/2019.2/common/technology/xilinx/common/target_info.tcl 
Execute           source /tools/Xilinx/Vivado/2019.2/common/technology/xilinx/interface/xilinx_interface.hlp 
Execute             source /tools/Xilinx/Vivado/2019.2/common/technology/xilinx/interface/maxi.hlp 
Execute             source /tools/Xilinx/Vivado/2019.2/common/technology/xilinx/interface/saxilite.hlp 
Execute           source /tools/Xilinx/Vivado/2019.2/common/technology/xilinx/common/dsp48.hlp 
Execute     source /tools/Xilinx/Vivado/2019.2/common/technology/xilinx/artix7/artix7_fpv6.gen 
Execute       source /tools/Xilinx/Vivado/2019.2/common/technology/xilinx/common/xilinx_fp.gen 
Execute     set_part xc7a35t-cpg236-1 
Execute       ap_part_info -name xc7a35t-cpg236-1 -data single -quiet 
Command       ap_part_info done; 0.81 sec.
Execute       ap_part_info -name xc7a35t-cpg236-1 -data info 
Execute       add_library xilinx/artix7/artix7:xc7a35t:-cpg236:-1 
Execute         get_default_platform 
Execute         ap_part_info -data single -name xc7a35t-cpg236-1 
Execute         ap_part_info -name xc7a35t-cpg236-1 -data resources 
Execute         ap_part_info -name xc7a35t-cpg236-1 -data info 
Execute         ap_part_info -name xc7a35t-cpg236-1 -data info 
Execute         config_chip_info -quiet -resource {SLICE 8150} {LUT 20800} {FF 41600} {DSP48E 90} {BRAM 100} {URAM 0} 
Execute         ap_part_info -name xc7a35t-cpg236-1 -data info 
Execute         config_chip_info -quiet -speed slow 
Execute       add_library xilinx/artix7/artix7_fpv6 
Execute         get_default_platform 
INFO: [HLS 200-10] Setting target device to 'xc7a35t-cpg236-1'
Execute       ap_part_info -name xc7a35t-cpg236-1 -data info 
Execute       get_default_platform 
Command     set_part done; 0.9 sec.
Execute     ap_part_info -data single -name xc7a35t-cpg236-1 
Execute     ap_part_info -name xc7a35t-cpg236-1 -data resources 
Execute     ap_part_info -name xc7a35t-cpg236-1 -data info 
Execute     ap_part_info -name xc7a35t-cpg236-1 -data info 
Execute     config_chip_info -quiet -resource {SLICE 8150} {LUT 20800} {FF 41600} {DSP48E 90} {BRAM 100} {URAM 0} 
Execute     ap_part_info -name xc7a35t-cpg236-1 -data info 
Execute     config_chip_info -quiet -speed slow 
Command   open_solution done; 1.02 sec.
Execute   csim_design -setup -clean -use_gcc -quiet 
INFO: [SIM 211-2] *************** CSIM start ***************
INFO: [SIM 211-4] CSIM will launch GCC as the compiler.
Execute     source csim/.lst_opt.tcl 
Execute     is_encrypted /home/user1/FFT_HLS/fft_test.cpp 
Execute     is_xip /home/user1/FFT_HLS/fft_test.cpp 
Execute     is_encrypted /home/user1/FFT_HLS/fft.cpp 
Execute     is_xip /home/user1/FFT_HLS/fft.cpp 
Execute     ap_part_info -name xc7a35t-cpg236-1 -data info 
ERROR: [SIM 211-100] CSim file generation failed: compilation error(s).
INFO: [SIM 211-3] *************** CSIM finish ***************
Command   csim_design done; error code: 2; 
Command ap_source done; error code: 1; 1.07 sec.
Execute cleanup_all 
INFO-FLOW: Workspace /home/user1/FFT_HLS/FFT/solution1 opened at Thu Feb 18 15:48:33 IST 2021
Execute     config_clock -quiet -name default -period 10 -default=false 
INFO: [SYN 201-201] Setting up clock 'default' with a period of 10ns.
Execute     open_platform DefaultPlatform 
Execute     import_lib /tools/Xilinx/Vivado/2019.2/common/technology/xilinx/artix7/artix7 
Execute       source /tools/Xilinx/Vivado/2019.2/common/technology/xilinx/common/xilinx.lib 
Execute         source /tools/Xilinx/Vivado/2019.2/common/technology/xilinx/interface/xilinx_interface.lib 
Execute           source /tools/Xilinx/Vivado/2019.2/common/technology/xilinx/interface/plb46.lib 
Execute           source /tools/Xilinx/Vivado/2019.2/common/technology/xilinx/interface/fsl.lib 
Execute           source /tools/Xilinx/Vivado/2019.2/common/technology/xilinx/interface/axi4.lib 
Execute           source /tools/Xilinx/Vivado/2019.2/common/technology/xilinx/interface/maxi.lib 
Execute           source /tools/Xilinx/Vivado/2019.2/common/technology/xilinx/interface/saxilite.lib 
Execute         source /tools/Xilinx/Vivado/2019.2/common/technology/xilinx/common/dsp48.lib 
Execute         source /tools/Xilinx/Vivado/2019.2/common/technology/xilinx/ip/xfir.lib 
Execute         source /tools/Xilinx/Vivado/2019.2/common/technology/xilinx/ip/xfft.lib 
Execute         source /tools/Xilinx/Vivado/2019.2/common/technology/xilinx/ip/dds_compiler.lib 
Execute       source /tools/Xilinx/Vivado/2019.2/common/technology/xilinx/common/xilinx.hlp 
Execute         source /tools/Xilinx/Vivado/2019.2/common/technology/xilinx/common/target_info.tcl 
Execute         source /tools/Xilinx/Vivado/2019.2/common/technology/xilinx/interface/xilinx_interface.hlp 
Execute           source /tools/Xilinx/Vivado/2019.2/common/technology/xilinx/interface/maxi.hlp 
Execute           source /tools/Xilinx/Vivado/2019.2/common/technology/xilinx/interface/saxilite.hlp 
Execute         source /tools/Xilinx/Vivado/2019.2/common/technology/xilinx/common/dsp48.hlp 
Execute       source /tools/Xilinx/Vivado/2019.2/common/technology/xilinx/artix7/dsp48e1.hlp 
Execute       source /tools/Xilinx/Vivado/2019.2/common/technology/xilinx/common/xilinx.hlp 
Execute         source /tools/Xilinx/Vivado/2019.2/common/technology/xilinx/common/target_info.tcl 
Execute         source /tools/Xilinx/Vivado/2019.2/common/technology/xilinx/interface/xilinx_interface.hlp 
Execute           source /tools/Xilinx/Vivado/2019.2/common/technology/xilinx/interface/maxi.hlp 
Execute           source /tools/Xilinx/Vivado/2019.2/common/technology/xilinx/interface/saxilite.hlp 
Execute         source /tools/Xilinx/Vivado/2019.2/common/technology/xilinx/common/dsp48.hlp 
Execute     source /tools/Xilinx/Vivado/2019.2/common/technology/xilinx/artix7/artix7.gen 
Execute       source /tools/Xilinx/Vivado/2019.2/common/technology/xilinx/common/xilinx.gen 
Execute         source /tools/Xilinx/Vivado/2019.2/common/technology/xilinx/interface/plb46.gen 
Execute         source /tools/Xilinx/Vivado/2019.2/common/technology/xilinx/interface/fsl.gen 
Execute         source /tools/Xilinx/Vivado/2019.2/common/technology/xilinx/interface/axi4.gen 
Execute         source /tools/Xilinx/Vivado/2019.2/common/technology/xilinx/interface/nativeAXI4.gen 
Execute           source /tools/Xilinx/Vivado/2019.2/common/technology/xilinx/interface/saxilite.gen 
Execute           source /tools/Xilinx/Vivado/2019.2/common/technology/xilinx/interface/maxi.gen 
Execute         source /tools/Xilinx/Vivado/2019.2/common/technology/xilinx/scripts/xilinxcoregen.gen 
Execute         source /tools/Xilinx/Vivado/2019.2/common/technology/xilinx/interface/XilEDKCoreGen.gen 
Execute         source /tools/Xilinx/Vivado/2019.2/common/technology/xilinx/ip/dds_compiler.gen 
Execute         source /tools/Xilinx/Vivado/2019.2/common/technology/xilinx/ip/util.gen 
Execute         source /tools/Xilinx/Vivado/2019.2/common/technology/xilinx/ip/xfft.gen 
Execute         source /tools/Xilinx/Vivado/2019.2/common/technology/xilinx/ip/xfir.gen 
Execute         source /tools/Xilinx/Vivado/2019.2/common/technology/xilinx/common/dsp48.gen 
Execute     open_platform DefaultPlatform 
Execute     import_lib /tools/Xilinx/Vivado/2019.2/common/technology/xilinx/artix7/artix7_fpv6 
Execute       source /tools/Xilinx/Vivado/2019.2/common/technology/xilinx/common/xilinx_fp.lib 
Execute       source /tools/Xilinx/Vivado/2019.2/common/technology/xilinx/common/xilinx_fp.hlp 
Execute         source /tools/Xilinx/Vivado/2019.2/common/technology/xilinx/common/xilinx.hlp 
Execute           source /tools/Xilinx/Vivado/2019.2/common/technology/xilinx/common/target_info.tcl 
Execute           source /tools/Xilinx/Vivado/2019.2/common/technology/xilinx/interface/xilinx_interface.hlp 
Execute             source /tools/Xilinx/Vivado/2019.2/common/technology/xilinx/interface/maxi.hlp 
Execute             source /tools/Xilinx/Vivado/2019.2/common/technology/xilinx/interface/saxilite.hlp 
Execute           source /tools/Xilinx/Vivado/2019.2/common/technology/xilinx/common/dsp48.hlp 
Execute     source /tools/Xilinx/Vivado/2019.2/common/technology/xilinx/artix7/artix7_fpv6.gen 
Execute       source /tools/Xilinx/Vivado/2019.2/common/technology/xilinx/common/xilinx_fp.gen 
Execute     set_part xc7a35t-cpg236-1 
Execute       ap_part_info -name xc7a35t-cpg236-1 -data single -quiet 
Command       ap_part_info done; 0.8 sec.
Execute       ap_part_info -name xc7a35t-cpg236-1 -data info 
Execute       add_library xilinx/artix7/artix7:xc7a35t:-cpg236:-1 
Execute         get_default_platform 
Execute         ap_part_info -data single -name xc7a35t-cpg236-1 
Execute         ap_part_info -name xc7a35t-cpg236-1 -data resources 
Execute         ap_part_info -name xc7a35t-cpg236-1 -data info 
Execute         ap_part_info -name xc7a35t-cpg236-1 -data info 
Execute         config_chip_info -quiet -resource {SLICE 8150} {LUT 20800} {FF 41600} {DSP48E 90} {BRAM 100} {URAM 0} 
Execute         ap_part_info -name xc7a35t-cpg236-1 -data info 
Execute         config_chip_info -quiet -speed slow 
Execute       add_library xilinx/artix7/artix7_fpv6 
Execute         get_default_platform 
INFO: [HLS 200-10] Setting target device to 'xc7a35t-cpg236-1'
Execute       ap_part_info -name xc7a35t-cpg236-1 -data info 
Execute       get_default_platform 
Command     set_part done; 0.87 sec.
Execute     ap_part_info -data single -name xc7a35t-cpg236-1 
Execute     ap_part_info -name xc7a35t-cpg236-1 -data resources 
Execute     ap_part_info -name xc7a35t-cpg236-1 -data info 
Execute     ap_part_info -name xc7a35t-cpg236-1 -data info 
Execute     config_chip_info -quiet -resource {SLICE 8150} {LUT 20800} {FF 41600} {DSP48E 90} {BRAM 100} {URAM 0} 
Execute     ap_part_info -name xc7a35t-cpg236-1 -data info 
Execute     config_chip_info -quiet -speed slow 
Command   open_solution done; 0.99 sec.
Execute   csim_design -setup -clean -use_gcc -quiet 
INFO: [SIM 211-2] *************** CSIM start ***************
INFO: [SIM 211-4] CSIM will launch GCC as the compiler.
Execute     source csim/.lst_opt.tcl 
Execute     is_encrypted /home/user1/FFT_HLS/fft_test.cpp 
Execute     is_xip /home/user1/FFT_HLS/fft_test.cpp 
Execute     is_encrypted /home/user1/FFT_HLS/fft.cpp 
Execute     is_xip /home/user1/FFT_HLS/fft.cpp 
Execute     ap_part_info -name xc7a35t-cpg236-1 -data info 
ERROR: [SIM 211-100] CSim file generation failed: compilation error(s).
INFO: [SIM 211-3] *************** CSIM finish ***************
Command   csim_design done; error code: 2; 
Command ap_source done; error code: 1; 1.05 sec.
Execute cleanup_all 
